<?xml version="1.0" encoding="UTF-8"?>
<coverage generated="1654201639403" clover="3.2.0">
  <project timestamp="1654201639403" name="All files">
    <metrics statements="33" coveredstatements="32" conditionals="4" coveredconditionals="3" methods="8" coveredmethods="8" elements="45" coveredelements="43" complexity="0" loc="33" ncloc="33" packages="1" files="1" classes="1"/>
    <file name="game.js" path="/Users/natsukiiida/Desktop/pokemongame/routes/game.js">
      <metrics statements="33" coveredstatements="32" conditionals="4" coveredconditionals="3" methods="8" coveredmethods="8"/>
      <line num="3" count="10" type="stmt"/>
      <line num="10" count="5" type="stmt"/>
      <line num="11" count="5" type="stmt"/>
      <line num="20" count="3" type="stmt"/>
      <line num="27" count="3" type="cond" truecount="2" falsecount="0"/>
      <line num="28" count="2" type="stmt"/>
      <line num="30" count="1" type="stmt"/>
      <line num="36" count="1" type="stmt"/>
      <line num="37" count="1" type="stmt"/>
      <line num="38" count="1" type="stmt"/>
      <line num="39" count="1" type="stmt"/>
      <line num="46" count="1" type="stmt"/>
      <line num="47" count="1" type="stmt"/>
      <line num="48" count="1" type="stmt"/>
      <line num="49" count="1" type="stmt"/>
      <line num="55" count="2" type="stmt"/>
      <line num="56" count="2" type="cond" truecount="1" falsecount="1"/>
      <line num="57" count="2" type="stmt"/>
      <line num="60" count="0" type="stmt"/>
      <line num="64" count="2" type="stmt"/>
      <line num="68" count="1" type="stmt"/>
      <line num="69" count="1" type="stmt"/>
      <line num="70" count="1" type="stmt"/>
      <line num="71" count="1" type="stmt"/>
      <line num="73" count="1" type="stmt"/>
      <line num="81" count="1" type="stmt"/>
      <line num="82" count="1" type="stmt"/>
      <line num="83" count="1" type="stmt"/>
      <line num="84" count="1" type="stmt"/>
      <line num="85" count="1" type="stmt"/>
      <line num="86" count="1" type="stmt"/>
      <line num="87" count="1" type="stmt"/>
      <line num="88" count="1" type="stmt"/>
    </file>
  </project>
</coverage>
