{"/Users/natsukiiida/Desktop/pokemongame/routes/game.js": {"path":"/Users/natsukiiida/Desktop/pokemongame/routes/game.js","statementMap":{"0":{"start":{"line":3,"column":1},"end":{"line":3,"column":40}},"1":{"start":{"line":10,"column":2},"end":{"line":10,"column":18}},"2":{"start":{"line":11,"column":2},"end":{"line":11,"column":30}},"3":{"start":{"line":20,"column":2},"end":{"line":20,"column":36}},"4":{"start":{"line":27,"column":1},"end":{"line":31,"column":2}},"5":{"start":{"line":28,"column":2},"end":{"line":28,"column":13}},"6":{"start":{"line":30,"column":2},"end":{"line":30,"column":14}},"7":{"start":{"line":36,"column":22},"end":{"line":36,"column":72}},"8":{"start":{"line":37,"column":11},"end":{"line":37,"column":44}},"9":{"start":{"line":38,"column":17},"end":{"line":38,"column":45}},"10":{"start":{"line":39,"column":1},"end":{"line":39,"column":15}},"11":{"start":{"line":46,"column":2},"end":{"line":46,"column":25}},"12":{"start":{"line":47,"column":2},"end":{"line":47,"column":27}},"13":{"start":{"line":48,"column":2},"end":{"line":48,"column":23}},"14":{"start":{"line":49,"column":2},"end":{"line":49,"column":17}},"15":{"start":{"line":55,"column":12},"end":{"line":55,"column":14}},"16":{"start":{"line":56,"column":2},"end":{"line":61,"column":3}},"17":{"start":{"line":57,"column":1},"end":{"line":57,"column":69}},"18":{"start":{"line":60,"column":1},"end":{"line":60,"column":71}},"19":{"start":{"line":64,"column":2},"end":{"line":64,"column":12}},"20":{"start":{"line":68,"column":19},"end":{"line":68,"column":33}},"21":{"start":{"line":69,"column":15},"end":{"line":69,"column":46}},"22":{"start":{"line":70,"column":12},"end":{"line":70,"column":46}},"23":{"start":{"line":71,"column":15},"end":{"line":71,"column":57}},"24":{"start":{"line":73,"column":2},"end":{"line":73,"column":15}},"25":{"start":{"line":81,"column":0},"end":{"line":81,"column":36}},"26":{"start":{"line":82,"column":0},"end":{"line":82,"column":42}},"27":{"start":{"line":83,"column":0},"end":{"line":83,"column":36}},"28":{"start":{"line":84,"column":0},"end":{"line":84,"column":26}},"29":{"start":{"line":85,"column":0},"end":{"line":85,"column":28}},"30":{"start":{"line":86,"column":0},"end":{"line":86,"column":24}},"31":{"start":{"line":87,"column":0},"end":{"line":87,"column":46}},"32":{"start":{"line":88,"column":0},"end":{"line":88,"column":30}}},"fnMap":{"0":{"name":"getrandomInt","decl":{"start":{"line":2,"column":9},"end":{"line":2,"column":21}},"loc":{"start":{"line":2,"column":27},"end":{"line":4,"column":1}},"line":2},"1":{"name":"(anonymous_1)","decl":{"start":{"line":8,"column":1},"end":{"line":8,"column":2}},"loc":{"start":{"line":9,"column":1},"end":{"line":12,"column":2}},"line":9},"2":{"name":"(anonymous_2)","decl":{"start":{"line":18,"column":1},"end":{"line":18,"column":2}},"loc":{"start":{"line":19,"column":1},"end":{"line":21,"column":2}},"line":19},"3":{"name":"catchPokemon","decl":{"start":{"line":26,"column":9},"end":{"line":26,"column":21}},"loc":{"start":{"line":26,"column":41},"end":{"line":32,"column":1}},"line":26},"4":{"name":"generatePokemon","decl":{"start":{"line":35,"column":9},"end":{"line":35,"column":24}},"loc":{"start":{"line":35,"column":27},"end":{"line":40,"column":1}},"line":35},"5":{"name":"(anonymous_5)","decl":{"start":{"line":44,"column":1},"end":{"line":44,"column":2}},"loc":{"start":{"line":45,"column":1},"end":{"line":50,"column":2}},"line":45},"6":{"name":"generateResultmsg","decl":{"start":{"line":54,"column":9},"end":{"line":54,"column":26}},"loc":{"start":{"line":54,"column":44},"end":{"line":65,"column":1}},"line":54},"7":{"name":"throwBall","decl":{"start":{"line":67,"column":9},"end":{"line":67,"column":18}},"loc":{"start":{"line":67,"column":28},"end":{"line":74,"column":1}},"line":67}},"branchMap":{"0":{"loc":{"start":{"line":27,"column":1},"end":{"line":31,"column":2}},"type":"if","locations":[{"start":{"line":27,"column":1},"end":{"line":31,"column":2}},{"start":{"line":29,"column":8},"end":{"line":31,"column":2}}],"line":27},"1":{"loc":{"start":{"line":56,"column":2},"end":{"line":61,"column":3}},"type":"if","locations":[{"start":{"line":56,"column":2},"end":{"line":61,"column":3}},{"start":{"line":59,"column":9},"end":{"line":61,"column":3}}],"line":56}},"s":{"0":10,"1":5,"2":5,"3":3,"4":3,"5":2,"6":1,"7":1,"8":1,"9":1,"10":1,"11":1,"12":1,"13":1,"14":1,"15":2,"16":2,"17":2,"18":0,"19":2,"20":1,"21":1,"22":1,"23":1,"24":1,"25":1,"26":1,"27":1,"28":1,"29":1,"30":1,"31":1,"32":1},"f":{"0":10,"1":5,"2":3,"3":3,"4":1,"5":1,"6":2,"7":1},"b":{"0":[2,1],"1":[2,0]},"_coverageSchema":"1a1c01bbd47fc00a2c39e90264f33305004495a9","hash":"d4b53999bea51a9c0b52d1622dc46145c1be95b7"}
}
