TN:
SF:routes/game.js
FN:2,getrandomInt
FN:8,(anonymous_1)
FN:18,(anonymous_2)
FN:26,catchPokemon
FN:35,generatePokemon
FN:44,(anonymous_5)
FN:54,generateResultmsg
FN:67,throwBall
FNF:8
FNH:8
FNDA:10,getrandomInt
FNDA:5,(anonymous_1)
FNDA:3,(anonymous_2)
FNDA:3,catchPokemon
FNDA:1,generatePokemon
FNDA:1,(anonymous_5)
FNDA:2,generateResultmsg
FNDA:1,throwBall
DA:3,10
DA:10,5
DA:11,5
DA:20,3
DA:27,3
DA:28,2
DA:30,1
DA:36,1
DA:37,1
DA:38,1
DA:39,1
DA:46,1
DA:47,1
DA:48,1
DA:49,1
DA:55,2
DA:56,2
DA:57,2
DA:60,0
DA:64,2
DA:68,1
DA:69,1
DA:70,1
DA:71,1
DA:73,1
DA:81,1
DA:82,1
DA:83,1
DA:84,1
DA:85,1
DA:86,1
DA:87,1
DA:88,1
LF:33
LH:32
BRDA:27,0,0,2
BRDA:27,0,1,1
BRDA:56,1,0,2
BRDA:56,1,1,0
BRF:4
BRH:3
end_of_record
